SF:lib/core/import/adapters/obsidian_adapter.dart
DA:26,1
DA:29,1
DA:31,1
DA:32,1
DA:33,1
DA:34,1
DA:35,3
DA:40,1
DA:42,1
DA:43,1
DA:45,2
DA:46,1
DA:47,1
DA:48,2
DA:51,2
DA:63,1
DA:64,1
DA:65,1
DA:66,1
DA:69,1
DA:70,5
DA:72,1
DA:75,1
DA:76,1
DA:79,1
DA:82,1
DA:83,1
DA:84,2
DA:85,1
DA:86,1
DA:87,2
DA:93,2
DA:94,1
DA:95,2
DA:97,2
DA:99,3
DA:102,1
DA:103,1
DA:107,4
DA:108,4
DA:114,1
DA:115,1
DA:116,6
DA:117,1
DA:118,0
DA:122,3
DA:123,2
DA:127,1
DA:129,7
DA:132,1
DA:134,1
DA:136,1
DA:139,1
DA:142,1
DA:157,1
DA:158,1
DA:160,1
DA:162,1
DA:163,1
DA:164,2
DA:165,1
DA:170,2
DA:172,2
DA:173,4
DA:178,2
DA:180,1
DA:181,1
DA:182,2
DA:184,1
DA:187,2
DA:189,3
DA:190,8
DA:192,3
DA:197,0
DA:199,1
DA:203,1
DA:205,2
DA:208,1
DA:210,3
DA:213,1
DA:214,3
DA:215,1
DA:216,2
DA:222,1
DA:223,2
DA:224,2
DA:225,3
DA:226,6
DA:227,1
LF:89
LH:87
end_of_record
SF:lib/core/import/import_adapter.dart
DA:50,2
DA:61,1
DA:62,1
DA:63,1
DA:64,1
DA:65,2
DA:66,2
DA:84,1
DA:86,0
DA:88,0
DA:89,0
DA:90,0
DA:91,0
LF:13
LH:8
end_of_record
SF:lib/core/import/adapters/notion_adapter.dart
DA:24,1
DA:27,1
DA:29,2
DA:30,1
DA:31,1
DA:32,1
DA:34,3
DA:37,1
DA:39,2
DA:41,1
DA:42,2
DA:43,1
DA:44,1
DA:45,1
DA:47,2
DA:48,2
DA:51,2
DA:61,1
DA:62,1
DA:65,1
DA:71,1
DA:72,1
DA:77,3
DA:78,3
DA:79,1
DA:84,2
DA:85,2
DA:89,2
DA:90,2
DA:92,2
DA:93,4
DA:94,3
DA:95,2
DA:96,1
DA:97,4
DA:99,1
DA:106,3
DA:109,1
DA:110,3
DA:111,1
DA:112,8
DA:116,1
DA:117,3
DA:119,1
DA:120,1
DA:121,1
DA:122,1
DA:123,1
DA:127,1
DA:129,11
DA:132,1
DA:134,1
DA:135,1
DA:136,1
DA:149,1
DA:150,3
DA:151,4
DA:153,3
DA:156,3
DA:161,1
DA:163,2
DA:165,2
DA:166,1
DA:169,1
DA:170,1
DA:172,1
DA:176,0
DA:179,0
DA:185,1
DA:186,2
DA:187,2
DA:188,3
DA:190,2
DA:192,3
DA:193,3
DA:195,3
DA:196,1
DA:197,2
LF:78
LH:76
end_of_record
SF:lib/core/services/document_resolver_service.dart
DA:41,4
DA:58,2
DA:59,3
DA:62,2
DA:65,2
DA:67,4
DA:68,6
DA:72,4
DA:75,2
DA:76,8
DA:81,10
DA:84,8
DA:86,4
DA:90,10
DA:93,4
DA:97,2
DA:100,6
DA:101,2
DA:102,2
DA:103,2
DA:112,2
DA:113,2
DA:114,10
DA:121,1
DA:122,1
DA:123,2
DA:124,1
DA:125,3
DA:128,1
DA:129,6
DA:130,6
DA:131,2
DA:132,2
DA:133,0
DA:136,1
DA:137,1
DA:138,4
DA:139,1
DA:140,1
DA:141,1
DA:143,1
DA:153,2
DA:154,2
DA:156,2
DA:160,2
DA:161,2
DA:162,2
DA:164,4
DA:165,2
DA:166,2
DA:169,6
DA:171,2
DA:172,4
DA:173,4
DA:174,4
DA:175,4
DA:176,0
DA:179,2
DA:180,2
DA:181,8
DA:182,0
DA:183,2
DA:185,2
DA:189,2
DA:190,4
DA:191,4
DA:192,6
DA:194,10
DA:205,2
DA:206,2
DA:207,4
DA:208,12
DA:217,2
DA:218,2
DA:221,4
DA:222,2
DA:223,5
DA:226,2
DA:227,2
LF:79
LH:76
end_of_record
SF:lib/core/services/note_service.dart
DA:34,4
DA:45,0
DA:46,0
DA:47,0
DA:50,0
DA:54,0
DA:70,0
DA:71,0
DA:72,0
DA:74,0
DA:75,0
DA:77,0
DA:97,0
DA:103,0
DA:104,0
DA:108,0
DA:110,0
DA:114,0
DA:117,0
DA:118,0
DA:120,0
DA:121,0
DA:124,0
DA:128,0
DA:131,0
DA:132,0
DA:133,0
DA:137,0
DA:138,0
DA:141,0
DA:142,0
DA:144,0
DA:145,0
DA:146,0
DA:147,0
DA:148,0
DA:149,0
DA:150,0
DA:151,0
DA:152,0
DA:154,0
DA:155,0
DA:158,0
DA:160,0
DA:162,0
DA:163,0
DA:164,0
DA:165,0
DA:166,0
DA:168,0
DA:169,0
DA:172,0
DA:173,0
DA:177,0
DA:178,0
DA:179,0
DA:180,0
DA:185,0
DA:187,0
DA:190,0
DA:194,0
DA:199,0
DA:201,0
DA:202,0
DA:204,0
DA:209,0
DA:211,0
DA:212,0
DA:213,0
DA:215,0
DA:216,0
DA:218,0
DA:219,0
DA:221,0
DA:224,0
DA:227,0
DA:228,0
DA:230,0
DA:231,0
DA:238,0
DA:240,0
DA:241,0
DA:242,0
DA:245,0
DA:246,0
DA:247,0
DA:248,0
DA:249,0
DA:250,0
DA:251,0
DA:252,0
DA:253,0
DA:255,0
DA:257,0
DA:258,0
DA:263,0
DA:264,0
DA:265,0
DA:266,0
DA:267,0
DA:268,0
DA:269,0
DA:270,0
DA:272,0
DA:273,0
DA:278,0
DA:279,0
DA:289,0
DA:290,0
DA:291,0
DA:293,0
DA:295,0
DA:297,0
DA:298,0
DA:303,0
DA:304,0
DA:306,0
DA:309,0
DA:312,0
DA:313,0
DA:315,0
DA:321,0
DA:326,0
DA:327,0
DA:331,0
DA:332,0
DA:333,0
DA:334,0
DA:335,0
DA:336,0
DA:337,0
DA:338,0
DA:339,0
DA:340,0
DA:341,0
DA:342,0
DA:343,0
DA:344,0
DA:345,0
DA:346,0
DA:347,0
DA:349,0
DA:354,0
DA:355,0
DA:363,0
DA:365,0
DA:366,0
DA:367,0
DA:368,0
DA:369,0
DA:370,0
DA:371,0
DA:372,0
DA:373,0
DA:374,0
DA:375,0
DA:376,0
DA:377,0
DA:378,0
DA:379,0
DA:381,0
DA:383,0
DA:386,0
DA:387,0
DA:392,0
DA:393,0
DA:397,0
DA:401,0
DA:403,0
DA:407,0
DA:411,0
DA:416,0
DA:417,0
DA:419,0
DA:420,0
DA:424,0
DA:425,0
DA:426,0
DA:427,0
DA:431,0
DA:432,0
DA:433,0
DA:436,0
DA:437,0
DA:450,0
DA:451,0
DA:452,0
DA:453,0
DA:454,0
DA:455,0
DA:456,0
DA:458,0
DA:459,0
DA:460,0
DA:461,0
DA:462,0
DA:463,0
DA:464,0
DA:465,0
DA:467,0
DA:469,0
DA:470,0
DA:471,0
DA:474,0
DA:475,0
DA:477,0
DA:480,0
DA:481,0
DA:483,0
DA:484,0
DA:485,0
DA:486,0
DA:494,0
DA:497,0
DA:499,0
DA:501,0
DA:502,0
DA:503,0
DA:504,0
DA:508,0
DA:509,0
DA:510,0
DA:512,0
DA:514,0
DA:515,0
DA:517,0
DA:518,0
DA:519,0
DA:521,0
DA:522,0
DA:523,0
DA:525,0
DA:527,0
DA:530,0
DA:532,0
DA:533,0
DA:537,0
DA:548,0
DA:552,0
DA:554,0
DA:557,0
DA:562,0
DA:564,0
DA:565,0
DA:566,0
DA:567,0
DA:568,0
DA:569,0
DA:570,0
DA:576,0
DA:577,0
DA:578,0
DA:579,0
DA:580,0
DA:581,0
DA:582,0
DA:583,0
DA:584,0
DA:591,0
DA:596,0
DA:597,0
DA:598,0
DA:599,0
DA:600,0
DA:601,0
DA:607,0
DA:608,0
DA:609,0
DA:610,0
DA:611,0
DA:612,0
DA:613,0
DA:614,0
DA:617,0
DA:619,0
DA:621,0
DA:622,0
DA:623,0
DA:624,0
DA:628,0
DA:631,0
DA:632,0
DA:633,0
DA:635,0
DA:636,0
DA:638,0
DA:639,0
DA:641,0
DA:642,0
DA:644,0
DA:645,0
DA:647,0
DA:648,0
DA:650,0
DA:651,0
DA:655,0
DA:656,0
DA:659,0
DA:666,0
DA:672,0
DA:678,0
DA:679,0
DA:680,0
DA:681,0
DA:682,0
DA:683,0
DA:684,0
DA:685,0
DA:686,0
DA:689,0
DA:690,0
DA:691,0
DA:692,0
DA:693,0
DA:694,0
DA:695,0
DA:697,0
DA:698,0
DA:702,0
DA:708,0
DA:710,0
DA:711,0
DA:712,0
DA:713,0
DA:716,0
DA:718,0
DA:720,0
DA:721,0
DA:723,0
DA:724,0
DA:726,0
DA:727,0
DA:729,0
DA:730,0
DA:735,0
DA:736,0
DA:737,0
DA:740,0
DA:741,0
DA:742,0
DA:744,0
DA:745,0
DA:746,0
DA:747,0
DA:753,0
DA:755,0
DA:762,0
DA:763,0
DA:764,0
DA:769,0
DA:770,0
DA:771,0
DA:772,0
DA:773,0
DA:776,0
DA:778,0
DA:779,0
DA:783,0
DA:784,0
DA:786,0
DA:788,0
DA:789,0
DA:790,0
DA:794,0
DA:795,0
DA:797,0
DA:798,0
DA:801,0
DA:804,0
DA:805,0
DA:806,0
DA:809,0
DA:810,0
DA:812,0
DA:813,0
DA:815,0
DA:816,0
DA:818,0
DA:819,0
DA:821,0
DA:823,0
DA:827,0
DA:829,0
DA:834,0
DA:835,0
DA:837,0
DA:841,0
DA:842,0
DA:844,0
DA:845,0
DA:846,0
DA:848,0
DA:849,0
DA:850,0
DA:852,0
DA:853,0
DA:854,0
DA:856,0
DA:857,0
DA:858,0
DA:861,0
DA:864,0
DA:865,0
DA:866,0
DA:869,0
DA:870,0
DA:872,0
DA:873,0
DA:875,0
DA:876,0
DA:879,0
DA:880,0
DA:884,0
DA:889,0
DA:890,0
DA:891,0
DA:892,0
DA:896,0
DA:897,0
DA:898,0
DA:899,0
DA:906,0
DA:909,0
DA:912,0
DA:915,0
DA:919,0
DA:921,0
DA:928,0
DA:929,0
DA:933,0
DA:935,0
DA:939,0
DA:948,0
DA:955,0
DA:963,0
DA:965,0
DA:966,0
DA:970,0
DA:976,0
DA:996,0
DA:1018,0
DA:1020,0
DA:1021,0
DA:1022,0
DA:1027,0
DA:1029,0
DA:1030,0
DA:1045,0
DA:1046,0
DA:1048,0
DA:1060,0
DA:1061,0
DA:1062,0
DA:1065,0
DA:1067,0
DA:1068,0
DA:1071,0
DA:1072,0
DA:1076,0
DA:1077,0
DA:1078,0
DA:1080,0
DA:1081,0
DA:1083,0
DA:1085,0
DA:1086,0
DA:1091,0
DA:1092,0
DA:1097,0
DA:1100,0
DA:1101,0
DA:1103,0
DA:1104,0
DA:1109,0
DA:1111,0
DA:1117,0
DA:1118,0
DA:1119,0
DA:1120,0
DA:1123,0
DA:1124,0
DA:1125,0
DA:1141,0
DA:1142,0
DA:1143,0
DA:1146,0
DA:1149,0
DA:1150,0
DA:1153,0
DA:1159,0
DA:1168,0
DA:1169,0
DA:1170,0
DA:1173,0
DA:1176,0
DA:1177,0
DA:1180,0
DA:1186,0
DA:1196,0
DA:1197,0
DA:1201,0
DA:1204,0
DA:1205,0
DA:1208,0
DA:1214,0
DA:1224,0
DA:1225,0
DA:1226,0
DA:1227,0
DA:1232,0
DA:1233,0
DA:1235,0
DA:1245,0
DA:1246,0
DA:1247,0
DA:1251,0
DA:1252,0
DA:1256,0
DA:1257,0
DA:1258,0
DA:1259,0
DA:1266,0
DA:1267,0
DA:1270,0
DA:1271,0
DA:1274,0
DA:1276,0
DA:1281,0
DA:1282,0
DA:1284,0
DA:1286,0
DA:1288,0
DA:1289,0
DA:1290,0
DA:1292,0
DA:1293,0
DA:1294,0
DA:1295,0
DA:1299,0
DA:1300,0
DA:1301,0
DA:1308,0
DA:1309,0
DA:1310,0
DA:1311,0
DA:1312,0
DA:1313,0
DA:1321,0
DA:1322,0
DA:1324,0
DA:1325,0
DA:1326,0
DA:1327,0
DA:1331,0
DA:1339,0
DA:1342,0
DA:1345,0
DA:1348,0
DA:1350,0
DA:1351,0
DA:1352,0
DA:1353,0
DA:1354,0
DA:1355,0
DA:1356,0
DA:1357,0
DA:1359,9
DA:1360,0
DA:1361,0
DA:1362,0
DA:1363,0
DA:1364,0
DA:1365,0
DA:1367,0
DA:1368,0
DA:1369,0
DA:1378,0
DA:1388,0
DA:1390,0
DA:1391,6
DA:1392,0
DA:1394,0
DA:1395,0
DA:1396,0
DA:1399,0
DA:1400,0
DA:1401,0
DA:1404,0
DA:1405,0
DA:1406,0
DA:1420,0
DA:1423,0
DA:1424,0
DA:1430,0
DA:1431,0
DA:1432,0
DA:1439,0
DA:1440,0
DA:1441,0
DA:1442,0
DA:1443,0
DA:1444,0
DA:1445,0
DA:1452,0
DA:1455,0
DA:1460,0
DA:1461,0
DA:1462,0
DA:1467,0
DA:1468,0
DA:1476,0
DA:1477,0
DA:1478,0
DA:1480,0
DA:1481,0
DA:1482,0
DA:1483,0
DA:1484,0
DA:1487,0
DA:1491,0
DA:1493,0
DA:1494,0
DA:1495,0
DA:1497,0
LF:624
LH:3
end_of_record
SF:lib/core/services/vector_search_service.dart
DA:15,4
DA:17,0
DA:19,0
DA:43,3
DA:66,2
DA:67,4
DA:68,3
DA:70,2
DA:72,4
DA:73,4
DA:74,2
DA:75,4
DA:80,10
DA:82,4
DA:88,1
DA:94,2
DA:95,1
DA:97,1
DA:99,2
DA:100,2
DA:102,2
DA:103,1
DA:104,2
DA:108,5
DA:109,2
DA:118,1
DA:119,2
DA:120,2
DA:123,5
DA:125,2
DA:129,2
DA:130,4
DA:131,2
DA:132,2
DA:135,8
DA:137,2
DA:138,2
DA:139,2
DA:140,6
DA:141,6
DA:154,2
DA:155,6
DA:161,6
DA:162,8
DA:163,8
DA:164,8
DA:167,6
DA:168,2
DA:170,2
DA:174,1
DA:175,1
DA:176,3
DA:178,2
DA:179,1
DA:181,2
DA:182,2
DA:183,3
DA:187,2
DA:188,2
DA:189,2
DA:210,2
DA:217,0
DA:218,0
DA:220,0
DA:221,0
DA:222,0
DA:223,0
LF:67
LH:59
end_of_record
SF:lib/models/folder.dart
DA:15,1
DA:25,1
DA:26,1
DA:28,0
DA:29,0
DA:30,0
DA:33,0
DA:34,0
DA:35,0
DA:38,0
DA:39,0
DA:40,0
DA:43,0
DA:44,0
DA:45,0
DA:48,0
DA:49,0
DA:50,0
DA:51,0
DA:55,0
DA:65,0
DA:66,0
DA:67,0
DA:68,0
DA:69,0
DA:70,0
DA:71,0
DA:72,0
DA:73,0
DA:74,0
DA:77,0
DA:80,0
DA:83,0
DA:84,0
DA:86,0
DA:87,0
DA:89,0
DA:90,0
DA:91,0
DA:92,0
DA:93,0
DA:94,0
DA:95,0
DA:96,0
DA:97,0
DA:98,0
DA:101,0
DA:102,0
DA:103,0
DA:104,0
DA:105,0
DA:106,0
DA:107,0
DA:108,0
DA:109,0
DA:110,0
LF:56
LH:3
end_of_record
SF:lib/models/note.dart
DA:67,4
DA:88,4
DA:89,2
DA:90,3
DA:91,4
DA:92,2
DA:93,2
DA:94,3
DA:95,3
DA:96,4
DA:98,0
DA:99,0
DA:100,0
DA:104,0
DA:106,0
DA:107,0
DA:108,0
DA:111,0
DA:112,0
DA:113,0
DA:120,0
DA:121,0
DA:122,0
DA:123,0
DA:127,0
DA:128,0
DA:129,0
DA:130,0
DA:133,0
DA:134,0
DA:135,0
DA:138,0
DA:139,0
DA:140,0
DA:141,0
DA:145,0
DA:146,0
DA:147,0
DA:151,0
DA:152,0
DA:153,0
DA:156,0
DA:158,0
DA:159,0
DA:160,0
DA:161,0
DA:165,0
DA:166,0
DA:167,0
DA:171,0
DA:172,0
DA:173,0
DA:176,0
DA:178,0
DA:179,0
DA:180,0
DA:181,0
DA:185,0
DA:186,0
DA:187,0
DA:191,0
DA:192,0
DA:193,0
DA:196,0
DA:198,0
DA:199,0
DA:200,0
DA:201,0
DA:205,0
DA:206,0
DA:207,0
DA:211,0
DA:212,0
DA:213,0
DA:216,0
DA:218,0
DA:219,0
DA:220,0
DA:221,0
DA:225,0
DA:226,0
DA:227,0
DA:231,0
DA:232,0
DA:233,0
DA:236,0
DA:238,0
DA:239,0
DA:240,0
DA:243,0
DA:244,0
DA:245,0
DA:248,0
DA:249,0
DA:250,0
DA:251,0
DA:252,0
DA:253,0
DA:254,0
DA:255,0
DA:256,0
DA:257,0
DA:258,0
DA:259,0
DA:260,0
DA:261,0
DA:262,0
DA:263,0
DA:264,0
DA:265,0
DA:266,0
DA:267,0
DA:268,0
DA:271,0
DA:272,0
DA:273,0
DA:274,0
DA:275,0
DA:276,0
DA:277,0
DA:278,0
DA:279,0
DA:280,0
DA:281,0
DA:282,0
DA:284,0
DA:285,0
DA:286,0
DA:287,0
DA:288,0
DA:289,0
DA:290,0
DA:291,0
DA:292,0
DA:293,0
DA:296,0
DA:297,0
LF:137
LH:10
end_of_record
SF:lib/models/note_embedding.dart
DA:48,5
DA:58,5
DA:61,16
DA:64,15
LF:4
LH:4
end_of_record
SF:lib/core/import/adapters/storypad_adapter.dart
DA:28,0
DA:31,0
DA:33,0
DA:34,0
DA:35,0
DA:36,0
DA:39,0
DA:41,0
DA:43,0
DA:44,0
DA:47,0
DA:48,0
DA:49,0
DA:51,0
DA:52,0
DA:53,0
DA:54,0
DA:55,0
DA:57,0
DA:58,0
DA:59,0
DA:60,0
DA:61,0
DA:62,0
DA:63,0
DA:64,0
DA:66,0
DA:67,0
DA:72,0
DA:73,0
DA:75,0
DA:76,0
DA:78,0
DA:79,0
DA:81,0
DA:92,0
DA:98,0
DA:100,0
DA:104,0
DA:106,0
DA:107,0
DA:109,0
DA:111,0
DA:112,0
DA:116,0
DA:117,0
DA:126,0
DA:128,0
DA:129,0
DA:132,0
DA:134,0
DA:135,0
DA:146,0
DA:147,0
DA:149,0
DA:150,0
DA:151,0
DA:152,0
DA:153,0
DA:158,0
DA:159,0
DA:160,0
DA:161,0
DA:162,0
DA:163,0
DA:164,0
DA:172,0
DA:173,0
DA:174,0
DA:177,0
DA:178,0
DA:179,0
DA:180,0
DA:181,0
DA:182,0
DA:185,0
DA:187,0
DA:189,0
DA:190,0
DA:191,0
DA:192,0
DA:194,0
DA:195,0
DA:196,0
DA:197,0
DA:198,0
DA:199,0
DA:200,0
DA:201,0
DA:202,0
DA:203,0
DA:205,0
DA:210,0
DA:213,0
DA:219,0
DA:220,0
DA:221,0
DA:222,0
DA:223,0
DA:224,0
DA:225,0
DA:226,0
DA:228,0
DA:229,0
DA:230,0
DA:231,0
DA:232,0
DA:233,0
DA:234,0
DA:236,0
DA:237,0
DA:245,0
DA:247,0
DA:249,0
DA:250,0
DA:251,0
DA:252,0
DA:253,0
DA:254,0
DA:257,0
DA:258,0
DA:261,0
DA:262,0
DA:263,0
DA:264,0
DA:265,0
DA:266,0
LF:127
LH:0
end_of_record
SF:lib/core/import/converters/quill_to_markdown.dart
DA:24,0
DA:25,0
DA:28,0
DA:29,0
DA:31,0
DA:32,0
DA:33,0
DA:37,0
DA:44,0
DA:45,0
DA:50,0
DA:53,0
DA:54,0
DA:55,0
DA:58,0
DA:63,0
DA:64,0
DA:65,0
DA:67,0
DA:68,0
DA:70,0
DA:71,0
DA:73,0
DA:74,0
DA:75,0
DA:76,0
DA:77,0
DA:80,0
DA:85,0
DA:86,0
DA:87,0
DA:88,0
DA:91,0
DA:92,0
DA:94,0
DA:95,0
DA:97,0
DA:102,0
DA:105,0
DA:106,0
DA:107,0
DA:109,0
DA:111,0
DA:112,0
DA:117,0
DA:120,0
DA:121,0
DA:128,0
DA:129,0
DA:132,0
DA:135,0
DA:136,0
DA:139,0
DA:140,0
DA:141,0
DA:142,0
DA:144,0
DA:147,0
DA:148,0
DA:149,0
DA:151,0
LF:61
LH:0
end_of_record
SF:lib/core/import/converters/markdown_to_quill.dart
DA:23,0
DA:24,0
DA:25,0
DA:26,0
DA:27,0
DA:32,0
DA:33,0
DA:36,0
DA:37,0
DA:40,0
DA:41,0
DA:42,0
DA:43,0
DA:44,0
DA:45,0
DA:48,0
DA:49,0
DA:50,0
DA:52,0
DA:55,0
DA:57,0
DA:62,0
DA:63,0
DA:64,0
DA:66,0
DA:67,0
DA:72,0
DA:74,0
DA:75,0
DA:76,0
DA:77,0
DA:79,0
DA:81,0
DA:86,0
DA:87,0
DA:88,0
DA:89,0
DA:91,0
DA:93,0
DA:98,0
DA:100,0
DA:101,0
DA:103,0
DA:105,0
DA:110,0
DA:112,0
DA:113,0
DA:115,0
DA:117,0
DA:122,0
DA:123,0
DA:124,0
DA:129,0
DA:130,0
DA:131,0
DA:135,0
DA:136,0
DA:139,0
DA:148,0
DA:149,0
DA:152,0
DA:163,0
DA:165,0
DA:166,0
DA:169,0
DA:170,0
DA:172,0
DA:173,0
DA:174,0
DA:176,0
DA:178,0
DA:179,0
DA:180,0
DA:182,0
DA:184,0
DA:185,0
DA:186,0
DA:188,0
DA:190,0
DA:191,0
DA:193,0
DA:195,0
DA:197,0
DA:198,0
DA:200,0
DA:201,0
DA:202,0
DA:205,0
DA:208,0
DA:212,0
DA:213,0
LF:91
LH:0
end_of_record
SF:lib/models/retrieved_document.dart
DA:21,2
DA:27,14
DA:30,1
DA:31,2
DA:32,5
DA:33,3
DA:37,3
DA:40,6
DA:42,0
DA:43,0
DA:44,0
DA:45,0
LF:12
LH:8
end_of_record
SF:lib/core/services/embedding_service.dart
DA:46,2
DA:52,3
DA:69,0
DA:72,0
DA:81,0
DA:82,0
DA:84,0
DA:86,0
DA:87,0
DA:91,0
DA:92,0
DA:93,0
DA:94,0
DA:95,0
DA:97,0
DA:98,0
DA:99,0
DA:100,0
DA:118,0
DA:119,0
DA:120,0
DA:121,0
DA:127,0
DA:128,0
DA:129,0
DA:133,0
DA:135,0
DA:141,0
DA:144,0
DA:145,0
DA:146,0
DA:147,0
DA:150,0
DA:151,0
DA:153,0
DA:154,0
DA:158,0
DA:159,0
DA:161,0
DA:162,0
DA:163,0
DA:165,0
DA:168,0
DA:171,0
DA:173,0
DA:174,0
DA:178,1
DA:179,1
DA:180,1
DA:187,0
DA:188,0
DA:189,0
DA:195,0
DA:196,0
DA:197,0
DA:207,1
DA:208,3
DA:209,1
DA:211,1
DA:214,3
DA:217,2
DA:218,3
DA:222,1
DA:223,1
DA:224,1
DA:226,1
DA:230,2
DA:236,0
DA:237,0
DA:240,0
DA:241,0
DA:242,0
DA:243,0
DA:244,0
DA:247,0
DA:253,0
DA:254,0
DA:256,0
DA:257,0
DA:258,0
DA:260,0
DA:261,0
DA:268,0
DA:269,0
DA:271,0
DA:272,0
DA:274,0
DA:275,0
DA:276,0
DA:291,0
DA:301,1
DA:302,2
DA:303,3
DA:304,1
DA:305,2
DA:306,1
DA:308,4
DA:309,1
DA:316,1
DA:322,1
DA:323,2
DA:324,2
DA:325,2
DA:326,2
DA:327,1
DA:328,3
DA:330,4
DA:333,1
DA:334,3
DA:336,0
DA:339,0
DA:340,0
DA:341,0
DA:342,0
DA:347,0
DA:348,0
DA:349,0
DA:350,0
DA:354,0
DA:355,0
DA:356,0
DA:360,0
DA:361,0
DA:364,0
DA:365,0
DA:366,0
DA:369,0
DA:372,0
DA:380,0
DA:382,0
DA:383,0
DA:385,0
DA:386,0
DA:387,0
DA:391,0
DA:393,0
DA:394,0
DA:396,0
DA:397,0
DA:400,0
DA:401,0
DA:402,0
DA:406,0
DA:408,0
DA:409,0
DA:411,0
DA:412,0
DA:414,0
DA:415,0
DA:417,0
DA:418,0
DA:420,0
DA:422,0
DA:423,0
DA:428,0
DA:429,0
DA:430,0
DA:433,0
DA:435,0
DA:436,0
DA:438,0
DA:439,0
DA:446,0
DA:447,0
DA:448,0
DA:449,0
DA:450,0
DA:451,0
DA:462,0
DA:464,0
DA:466,0
DA:468,0
DA:469,0
DA:470,0
DA:471,0
DA:473,0
DA:474,0
DA:481,0
DA:482,0
DA:485,0
DA:487,0
DA:488,0
DA:489,0
DA:490,0
DA:491,0
LF:185
LH:36
end_of_record
SF:lib/core/services/text_parser_service.dart
DA:7,1
DA:9,1
DA:10,1
DA:13,1
DA:15,0
DA:16,1
DA:22,1
DA:23,2
DA:24,2
DA:25,1
DA:26,1
DA:28,1
DA:29,1
DA:35,2
DA:37,3
DA:42,0
DA:43,0
DA:48,0
DA:49,0
DA:50,0
DA:54,0
DA:55,0
DA:56,0
DA:60,0
LF:24
LH:14
end_of_record
SF:lib/core/services/google_drive_service.dart
DA:17,0
DA:18,0
DA:19,0
DA:27,0
DA:28,0
DA:29,0
DA:32,0
DA:33,0
DA:34,0
DA:36,0
DA:39,0
DA:42,0
DA:45,0
DA:47,0
DA:49,0
DA:50,0
DA:51,0
DA:52,0
DA:53,0
DA:54,0
DA:58,0
DA:63,0
DA:65,0
DA:66,0
DA:68,0
DA:69,0
DA:70,0
DA:71,0
DA:72,0
DA:74,0
DA:78,0
DA:80,0
DA:82,0
DA:83,0
DA:84,0
DA:85,0
DA:87,0
DA:88,0
DA:92,0
DA:94,0
DA:97,0
DA:98,0
DA:99,0
DA:104,0
DA:105,0
DA:106,0
DA:109,0
DA:110,0
DA:113,0
DA:114,0
DA:115,0
DA:116,0
DA:120,0
DA:121,0
DA:122,0
DA:124,0
DA:125,0
DA:126,0
DA:127,0
DA:132,0
DA:133,0
DA:134,0
DA:136,0
DA:137,0
DA:140,0
DA:141,0
DA:143,0
DA:144,0
DA:145,0
DA:146,0
DA:160,0
DA:161,0
DA:162,0
DA:164,0
DA:165,0
DA:166,0
DA:176,0
DA:177,0
DA:178,0
DA:180,0
DA:181,0
DA:182,0
DA:191,0
DA:192,0
DA:193,0
DA:195,0
DA:196,0
DA:203,0
DA:205,0
DA:206,0
DA:209,0
DA:212,0
DA:214,0
DA:225,0
DA:227,0
DA:229,0
DA:230,0
LF:97
LH:0
end_of_record
SF:lib/core/storage/preference_storage/default_storage.dart
DA:6,0
DA:7,0
LF:2
LH:0
end_of_record
SF:lib/core/storage/preference_storage/base_storage.dart
DA:4,0
DA:7,0
DA:9,0
DA:10,0
DA:11,0
DA:14,0
DA:15,0
LF:7
LH:0
end_of_record
SF:lib/core/storage/storage_adapter/base_storage_adapter.dart
DA:10,0
DA:11,0
DA:15,0
DA:16,0
DA:20,0
DA:21,0
DA:22,0
DA:24,0
DA:32,0
DA:33,0
DA:34,0
LF:11
LH:0
end_of_record
SF:lib/core/storage/storage_adapter/share_preference_adapter.dart
DA:6,0
DA:8,0
DA:9,0
DA:11,0
DA:12,0
DA:14,0
DA:15,0
LF:7
LH:0
end_of_record
SF:lib/models/activity_tag.dart
DA:10,3
DA:12,0
DA:14,0
DA:16,0
DA:17,0
DA:19,0
DA:20,0
DA:65,0
DA:67,0
DA:74,0
DA:75,0
DA:78,0
LF:12
LH:1
end_of_record
SF:lib/models/custom_tag.dart
DA:15,0
DA:22,0
DA:23,0
DA:26,0
DA:29,0
DA:30,0
DA:31,0
DA:35,0
DA:36,0
DA:37,0
DA:41,0
DA:42,0
DA:43,0
DA:47,0
DA:48,0
DA:49,0
DA:50,0
DA:55,0
DA:58,0
DA:61,0
DA:62,0
DA:63,0
DA:72,0
DA:73,0
DA:74,0
DA:75,0
DA:76,0
DA:77,0
DA:78,0
DA:82,0
DA:83,0
DA:84,0
DA:85,0
DA:86,0
DA:87,0
DA:88,0
DA:91,0
DA:92,0
DA:94,0
DA:96,0
DA:98,0
DA:99,0
DA:104,0
DA:107,0
DA:110,0
DA:113,0
DA:114,0
DA:117,0
DA:120,0
DA:122,0
DA:129,0
DA:131,0
DA:138,0
DA:139,0
DA:142,0
DA:145,0
DA:148,0
DA:149,0
DA:151,0
DA:152,0
DA:156,0
DA:159,0
DA:162,0
DA:163,0
DA:164,0
DA:169,0
DA:170,0
DA:174,0
DA:175,0
DA:176,0
DA:180,0
DA:181,0
DA:185,0
DA:186,0
DA:187,0
DA:188,0
DA:189,0
LF:77
LH:0
end_of_record
SF:lib/models/mood_tag.dart
DA:10,3
DA:12,0
DA:14,0
DA:16,0
DA:17,0
DA:19,0
DA:20,0
DA:65,0
DA:67,0
DA:74,0
DA:75,0
DA:78,0
LF:12
LH:1
end_of_record
SF:lib/models/personal_growth_tag.dart
DA:11,3
DA:19,0
DA:21,0
DA:23,0
DA:24,0
DA:26,0
DA:27,0
DA:78,0
DA:80,0
DA:87,0
DA:88,0
DA:91,0
LF:12
LH:1
end_of_record
SF:lib/models/time_tag.dart
DA:11,3
DA:19,0
DA:21,0
DA:23,0
DA:24,0
DA:26,0
DA:27,0
DA:78,0
DA:80,0
DA:87,0
DA:88,0
DA:91,0
DA:94,0
DA:95,0
DA:96,0
DA:99,0
DA:100,0
DA:101,0
DA:102,0
DA:103,0
DA:104,0
DA:105,0
DA:107,0
DA:111,0
DA:112,0
DA:113,0
DA:115,0
DA:122,0
DA:123,0
DA:126,0
DA:127,0
DA:128,0
LF:32
LH:1
end_of_record
SF:lib/core/services/llm_client.dart
DA:68,2
DA:89,0
DA:91,0
DA:94,0
DA:104,0
DA:105,0
DA:107,0
DA:108,0
DA:112,0
DA:113,0
DA:114,0
DA:115,0
DA:116,0
DA:118,0
DA:119,0
DA:120,0
DA:121,0
DA:130,0
DA:131,0
DA:132,0
DA:133,0
DA:134,0
DA:137,0
DA:138,0
DA:139,0
DA:140,0
DA:143,0
DA:144,0
DA:145,0
DA:146,0
DA:147,0
DA:148,0
DA:149,0
DA:152,0
DA:153,0
DA:154,0
DA:155,0
DA:156,0
DA:157,0
DA:160,0
DA:161,0
DA:162,0
DA:163,0
DA:168,0
DA:169,0
DA:170,0
DA:171,0
DA:173,0
DA:174,0
DA:176,0
DA:177,0
DA:179,0
DA:182,0
DA:183,0
DA:184,0
DA:188,0
DA:189,0
DA:191,0
DA:192,0
DA:193,0
DA:194,0
DA:200,0
DA:201,0
DA:202,0
DA:203,0
DA:211,0
DA:212,0
DA:216,0
DA:229,0
DA:230,0
DA:231,0
DA:248,0
DA:249,0
DA:257,0
DA:259,0
DA:260,0
DA:261,0
DA:262,0
DA:264,0
DA:265,0
DA:266,0
DA:269,0
DA:270,0
DA:273,0
DA:274,0
DA:282,0
DA:290,0
DA:291,0
DA:292,0
DA:293,0
DA:294,0
DA:295,0
DA:300,0
DA:301,0
DA:315,0
DA:316,0
DA:317,0
DA:321,0
DA:323,0
DA:324,0
DA:325,0
DA:326,0
DA:327,0
DA:328,0
DA:331,0
DA:332,0
DA:333,0
DA:336,0
DA:339,0
DA:340,0
DA:341,0
DA:342,0
DA:343,0
DA:344,0
DA:345,0
DA:346,0
DA:349,0
DA:350,0
DA:351,0
DA:354,0
DA:358,0
DA:362,0
DA:363,0
DA:365,0
DA:366,0
DA:367,0
DA:368,0
DA:369,0
DA:371,0
DA:372,0
DA:373,0
DA:377,0
DA:378,0
DA:381,0
DA:382,0
DA:383,0
DA:384,0
DA:388,0
DA:389,0
DA:390,0
DA:391,0
DA:392,0
DA:396,0
DA:399,0
DA:410,0
DA:411,0
DA:412,0
DA:416,0
DA:419,0
DA:420,0
DA:426,0
DA:427,0
DA:428,0
DA:429,0
DA:430,0
DA:431,0
DA:433,0
DA:434,0
DA:435,0
DA:443,0
DA:444,0
DA:447,0
DA:448,0
DA:453,0
DA:454,0
DA:455,0
DA:456,0
DA:457,0
DA:458,0
DA:460,0
DA:461,0
DA:462,0
DA:469,0
DA:470,0
DA:471,0
DA:474,0
DA:478,0
DA:482,0
DA:483,0
DA:484,0
DA:485,0
DA:486,0
DA:487,0
DA:488,0
DA:490,0
DA:491,0
DA:492,0
DA:496,0
DA:497,0
DA:498,0
DA:499,0
DA:502,0
DA:503,0
DA:504,0
DA:505,0
DA:506,0
DA:508,0
DA:509,0
DA:515,0
DA:520,0
DA:521,0
DA:522,0
DA:524,0
DA:525,0
DA:526,0
DA:527,0
DA:532,0
DA:537,0
DA:538,0
DA:539,0
DA:542,0
DA:545,0
DA:546,0
DA:548,0
DA:549,0
DA:555,0
DA:557,0
DA:558,0
DA:559,0
DA:560,0
DA:562,0
DA:563,0
DA:564,0
DA:571,0
DA:572,0
DA:582,0
DA:584,0
DA:585,0
DA:586,0
DA:587,0
DA:588,0
DA:589,0
DA:591,0
DA:593,0
DA:594,0
DA:595,0
DA:596,0
LF:237
LH:1
end_of_record
SF:lib/core/services/multi_query_expansion_service.dart
DA:13,2
DA:15,0
DA:26,0
DA:27,0
DA:28,0
DA:29,0
DA:33,0
DA:34,0
DA:37,0
DA:38,0
DA:39,0
DA:41,0
DA:42,0
DA:43,0
DA:44,0
DA:45,0
DA:50,0
DA:52,0
DA:53,0
DA:54,0
DA:55,0
DA:56,0
DA:59,0
DA:60,0
DA:61,0
DA:62,0
DA:67,0
DA:68,0
LF:28
LH:1
end_of_record
SF:lib/core/services/prompt_builder_service.dart
DA:38,3
DA:82,1
DA:88,1
DA:89,2
DA:93,2
DA:99,1
DA:100,2
DA:104,1
DA:118,1
DA:119,1
DA:121,1
DA:124,1
DA:125,1
DA:128,1
DA:129,1
DA:131,3
DA:132,3
DA:135,1
DA:136,1
DA:139,2
DA:141,1
DA:142,3
DA:143,1
DA:144,1
DA:153,2
DA:154,2
DA:155,2
DA:156,2
DA:158,2
DA:160,4
DA:161,4
DA:162,4
DA:163,4
DA:164,4
DA:165,4
DA:166,2
DA:169,6
DA:170,6
DA:171,6
DA:172,4
DA:173,4
DA:174,2
DA:179,2
DA:180,2
DA:181,2
DA:182,2
DA:183,2
DA:184,2
DA:185,2
DA:186,4
DA:188,4
DA:189,10
DA:197,1
DA:198,2
DA:205,4
DA:215,1
DA:216,1
DA:218,2
DA:219,3
DA:220,6
DA:224,3
DA:227,1
DA:228,1
DA:229,2
DA:232,1
DA:233,2
DA:234,1
DA:240,1
DA:241,1
DA:243,1
DA:244,1
DA:245,1
DA:246,1
DA:248,4
DA:249,4
DA:250,4
DA:251,1
DA:252,3
DA:255,1
LF:79
LH:79
end_of_record
SF:lib/core/services/query_rewrite_service.dart
DA:15,2
DA:17,0
DA:29,0
DA:30,0
DA:31,0
DA:32,0
DA:34,0
DA:35,0
DA:36,0
DA:38,0
DA:42,0
DA:45,0
DA:46,0
DA:47,0
DA:49,0
DA:50,0
DA:54,0
LF:17
LH:1
end_of_record
SF:lib/core/services/rag_service.dart
DA:27,1
DA:29,1
DA:30,1
DA:31,2
DA:32,1
DA:33,2
DA:113,1
DA:118,1
DA:120,2
DA:121,3
DA:122,1
DA:123,6
DA:127,1
DA:128,7
DA:129,1
DA:131,4
DA:132,0
DA:133,0
DA:134,0
DA:137,2
DA:138,3
DA:139,1
DA:141,3
DA:142,1
DA:144,5
DA:145,1
DA:147,0
DA:148,0
DA:151,0
DA:157,2
DA:176,5
DA:194,1
DA:201,2
DA:202,2
DA:203,1
DA:207,1
DA:215,1
DA:219,1
DA:221,1
DA:222,3
DA:225,2
DA:226,2
DA:227,1
DA:231,1
DA:237,2
DA:243,0
DA:245,0
DA:247,0
DA:251,1
DA:252,6
DA:257,2
DA:259,3
DA:260,1
DA:261,1
DA:262,1
DA:265,1
DA:269,1
DA:272,3
DA:274,1
DA:275,0
DA:276,0
DA:282,0
DA:286,0
DA:287,0
DA:293,0
DA:297,0
DA:298,0
DA:304,0
DA:309,1
DA:313,1
DA:325,1
DA:333,2
DA:334,2
DA:340,1
DA:344,1
DA:347,2
DA:352,1
DA:359,4
DA:363,3
DA:365,1
DA:366,1
DA:370,1
DA:371,0
DA:377,0
DA:383,0
DA:398,1
DA:405,2
DA:406,3
DA:409,1
DA:413,1
DA:416,7
DA:417,0
DA:420,0
DA:421,0
DA:423,0
DA:424,0
DA:428,1
DA:435,1
DA:436,1
DA:437,1
DA:439,2
DA:440,1
DA:441,3
DA:442,1
DA:443,5
DA:444,1
DA:445,1
DA:446,1
DA:447,0
DA:448,2
DA:451,1
DA:454,1
DA:459,4
DA:460,5
DA:462,1
DA:463,2
DA:464,1
DA:466,1
DA:467,2
DA:470,2
DA:472,4
DA:473,1
DA:474,2
DA:475,5
DA:476,1
DA:477,1
DA:478,4
DA:480,4
DA:486,1
DA:493,1
DA:494,1
DA:495,0
DA:499,2
DA:502,2
DA:503,1
DA:508,2
DA:509,4
DA:510,3
DA:512,1
DA:513,1
DA:514,4
DA:518,1
DA:521,1
DA:524,4
DA:526,3
DA:527,1
DA:531,3
DA:532,0
DA:538,2
DA:539,2
DA:543,2
DA:544,0
DA:545,0
DA:550,1
DA:553,1
DA:554,0
DA:557,1
DA:560,1
DA:562,1
DA:563,2
DA:564,1
DA:565,1
DA:566,2
DA:574,2
DA:576,1
DA:577,1
LF:166
LH:134
end_of_record
SF:lib/core/services/rrf_key_score.dart
DA:7,1
LF:1
LH:1
end_of_record
SF:lib/core/services/chat_service.dart
DA:16,1
DA:20,0
DA:21,0
DA:22,0
DA:33,0
DA:34,0
DA:35,0
DA:37,0
DA:41,1
DA:42,2
DA:44,0
DA:46,0
DA:48,0
DA:50,3
DA:57,1
DA:58,2
DA:60,2
DA:62,2
DA:63,2
DA:69,1
DA:76,1
DA:77,1
DA:85,2
DA:87,2
DA:88,2
DA:93,0
DA:95,0
DA:96,0
DA:103,0
DA:104,0
DA:105,0
DA:109,0
DA:110,0
DA:111,0
DA:113,0
DA:114,0
DA:119,0
DA:120,0
DA:121,0
DA:123,0
DA:124,0
DA:125,0
DA:128,0
DA:136,0
DA:137,0
DA:138,0
DA:140,0
DA:141,0
DA:142,0
DA:143,0
DA:144,0
DA:145,0
DA:149,0
DA:153,0
DA:154,0
DA:155,0
DA:157,0
DA:159,0
DA:160,0
DA:161,0
DA:163,0
DA:165,0
DA:166,0
DA:167,0
DA:168,0
DA:169,0
DA:170,0
DA:171,0
DA:174,0
DA:178,0
DA:179,0
DA:180,0
DA:181,0
DA:184,0
DA:186,0
DA:187,0
DA:188,0
DA:189,0
DA:190,0
DA:191,0
DA:192,0
DA:195,0
DA:199,0
DA:203,0
DA:204,0
DA:206,0
DA:207,0
DA:208,0
DA:209,0
DA:213,0
DA:214,0
DA:215,0
DA:216,0
DA:220,0
DA:222,0
DA:228,0
DA:234,0
DA:235,0
DA:236,0
DA:239,0
DA:240,0
DA:241,0
DA:244,0
DA:245,0
DA:247,0
DA:248,0
DA:249,0
DA:252,0
DA:254,0
DA:256,0
DA:257,0
DA:259,0
DA:260,0
DA:262,0
DA:274,0
DA:275,0
DA:276,0
DA:279,0
DA:280,0
DA:281,0
DA:284,0
DA:285,0
DA:286,0
LF:123
LH:15
end_of_record
SF:lib/models/chat_message.dart
DA:32,1
DA:43,1
DA:44,1
DA:46,0
DA:47,0
DA:50,0
DA:51,0
DA:52,0
DA:53,0
DA:54,0
DA:55,0
DA:56,0
DA:57,0
DA:58,0
DA:59,0
DA:62,0
DA:63,0
DA:64,0
DA:65,0
DA:66,0
DA:67,0
DA:68,0
DA:69,0
DA:70,0
DA:71,0
DA:74,0
DA:75,0
DA:76,0
DA:77,0
DA:79,0
DA:112,1
DA:120,1
DA:123,1
DA:124,1
DA:125,1
DA:126,0
DA:127,1
DA:128,1
DA:129,1
DA:130,1
DA:131,1
DA:134,1
DA:135,1
DA:136,1
DA:137,2
DA:138,1
LF:46
LH:18
end_of_record
SF:lib/models/chat_thread.dart
DA:35,1
DA:44,1
DA:45,1
DA:48,0
DA:49,0
DA:50,0
DA:51,0
DA:55,0
DA:56,0
DA:57,0
DA:58,0
DA:61,0
DA:62,0
DA:63,0
DA:64,0
DA:65,0
DA:66,0
DA:67,0
DA:68,0
DA:69,0
DA:72,0
DA:73,0
DA:74,0
DA:75,0
DA:76,0
DA:77,0
DA:78,0
DA:79,0
DA:80,0
DA:83,0
DA:84,0
DA:85,0
DA:86,0
DA:88,0
DA:91,0
DA:92,0
DA:93,0
DA:94,0
LF:38
LH:3
end_of_record
SF:lib/views/chat/chat_view_model.dart
DA:27,1
DA:28,0
DA:29,0
DA:55,3
DA:56,2
DA:57,3
DA:58,3
DA:59,0
DA:66,0
DA:67,0
DA:68,0
DA:70,0
DA:71,0
DA:72,0
DA:75,0
DA:79,0
DA:80,0
DA:81,0
DA:82,0
DA:87,1
DA:88,2
DA:90,3
DA:91,5
DA:92,1
DA:100,1
DA:101,1
DA:102,2
DA:104,1
DA:107,2
DA:110,3
DA:111,2
DA:112,1
DA:113,2
DA:117,2
DA:118,2
DA:121,1
DA:122,3
DA:124,1
DA:125,1
DA:128,1
DA:129,1
DA:133,4
DA:134,1
DA:135,2
DA:138,2
DA:139,2
DA:141,5
DA:142,1
DA:143,2
DA:144,1
DA:145,2
DA:146,2
DA:149,0
DA:151,4
DA:155,1
DA:156,1
DA:157,2
DA:158,3
DA:162,3
DA:164,1
DA:165,1
DA:174,1
DA:175,1
DA:176,2
DA:177,1
DA:181,0
DA:182,0
DA:184,0
DA:185,0
DA:186,0
DA:189,0
DA:197,0
DA:198,0
DA:199,0
DA:200,0
DA:201,0
DA:202,0
DA:205,1
DA:206,5
DA:207,2
DA:208,5
DA:214,1
DA:218,4
DA:220,1
DA:221,1
DA:222,1
DA:223,1
DA:224,1
DA:225,1
LF:89
LH:62
end_of_record
SF:lib/constants/config_constants.dart
DA:16,0
DA:17,0
DA:18,0
DA:19,0
DA:20,0
DA:21,0
DA:22,0
DA:23,0
DA:24,0
DA:25,0
DA:26,0
DA:28,0
DA:30,0
DA:32,0
DA:34,0
DA:36,0
DA:38,0
DA:40,0
DA:42,0
DA:44,0
DA:46,0
DA:48,0
DA:50,0
LF:23
LH:0
end_of_record
SF:lib/core/base/base_view_model.dart
DA:5,0
LF:1
LH:0
end_of_record
SF:lib/global_widgets/cm_change_notifier.dart
DA:5,2
DA:7,1
DA:9,1
DA:10,1
DA:13,0
DA:15,0
DA:16,0
LF:7
LH:4
end_of_record
SF:lib/core/di/service_locator.dart
DA:33,0
DA:34,0
DA:35,0
DA:61,0
DA:62,0
DA:63,0
DA:67,0
DA:68,0
DA:69,0
DA:73,0
DA:74,0
DA:75,0
DA:79,0
DA:80,0
DA:81,0
DA:85,0
DA:86,0
DA:87,0
DA:88,0
DA:89,0
DA:91,0
DA:94,0
DA:95,0
DA:96,0
DA:99,0
DA:100,0
DA:104,0
DA:105,0
DA:107,0
DA:108,0
DA:109,0
DA:110,0
DA:114,0
DA:118,0
DA:119,0
DA:120,0
DA:124,0
DA:125,0
DA:126,0
DA:130,0
DA:131,0
DA:132,0
DA:136,0
DA:137,0
DA:138,0
DA:139,0
DA:141,0
DA:144,0
DA:145,0
DA:148,0
DA:153,0
DA:155,0
DA:156,0
DA:157,0
DA:158,0
DA:162,0
DA:166,0
DA:167,0
DA:168,0
DA:169,0
DA:171,0
DA:177,0
DA:178,0
DA:181,0
DA:188,0
DA:190,0
DA:191,0
DA:192,0
DA:193,0
DA:200,0
DA:203,0
DA:204,0
DA:205,0
DA:208,0
DA:209,0
DA:210,0
DA:214,0
DA:215,0
DA:216,0
DA:217,0
DA:218,0
DA:219,0
DA:220,0
DA:221,0
DA:222,0
DA:224,0
DA:228,0
DA:229,0
DA:230,0
DA:231,0
DA:232,0
DA:233,0
DA:235,0
DA:239,0
DA:240,0
DA:241,0
DA:244,0
DA:245,0
DA:246,0
DA:250,0
DA:251,0
DA:252,0
DA:256,0
DA:257,0
DA:258,0
DA:262,0
DA:263,0
DA:264,0
DA:268,0
DA:269,0
DA:270,0
DA:274,0
DA:275,0
DA:276,0
DA:280,0
DA:281,0
DA:282,0
DA:283,0
DA:284,0
DA:285,0
DA:286,0
DA:290,0
DA:291,0
DA:292,0
DA:293,0
DA:294,0
DA:295,0
DA:296,0
DA:297,0
DA:298,0
DA:301,0
DA:303,0
DA:304,0
DA:305,0
DA:306,0
DA:307,0
DA:308,0
DA:309,0
DA:310,0
DA:311,0
DA:312,0
DA:313,0
DA:314,0
DA:315,0
DA:316,0
DA:317,0
DA:318,0
LF:147
LH:0
end_of_record
SF:lib/core/repository/base/objectbox_store_manager.dart
DA:6,0
DA:7,0
DA:8,0
DA:14,0
DA:15,0
DA:16,0
DA:18,0
DA:22,0
DA:23,0
DA:25,0
DA:26,0
DA:30,0
DA:33,0
DA:34,0
DA:35,0
DA:36,0
LF:16
LH:0
end_of_record
SF:lib/core/repository/implementations/objectbox_chat_message_repository.dart
DA:12,0
DA:14,0
DA:16,0
DA:17,0
DA:18,0
DA:21,0
DA:22,0
DA:23,0
DA:24,0
DA:25,0
DA:26,0
DA:28,0
DA:30,0
DA:31,0
DA:32,0
DA:33,0
DA:34,0
DA:35,0
DA:36,0
DA:37,0
DA:40,0
DA:42,0
DA:43,0
DA:44,0
DA:48,0
DA:50,0
DA:51,0
DA:52,0
DA:55,0
DA:57,0
DA:58,0
DA:61,0
DA:63,0
DA:64,0
DA:65,0
DA:66,0
DA:67,0
DA:68,0
DA:72,0
DA:74,0
DA:75,0
DA:78,0
DA:80,0
LF:43
LH:0
end_of_record
SF:lib/core/repository/implementations/objectbox_chat_thread_repository.dart
DA:12,0
DA:14,0
DA:16,0
DA:17,0
DA:18,0
DA:21,0
DA:22,0
DA:24,0
DA:25,0
DA:26,0
DA:27,0
DA:28,0
DA:29,0
DA:31,0
DA:32,0
DA:33,0
DA:34,0
DA:35,0
DA:36,0
DA:38,0
DA:39,0
DA:40,0
DA:41,0
DA:42,0
DA:43,0
DA:45,0
DA:47,0
DA:49,0
DA:50,0
DA:52,0
DA:56,0
DA:58,0
DA:59,0
DA:60,0
DA:63,0
DA:65,0
DA:66,0
DA:69,0
DA:71,0
DA:74,0
DA:75,0
DA:76,0
DA:79,0
DA:81,0
LF:44
LH:0
end_of_record
SF:lib/core/repository/implementations/objectbox_custom_tag_repository.dart
DA:12,0
DA:14,0
DA:16,0
DA:17,0
DA:18,0
DA:21,0
DA:24,0
DA:29,0
DA:30,0
DA:31,0
DA:33,0
DA:37,0
DA:38,0
DA:40,0
DA:42,0
DA:43,0
DA:44,0
DA:46,0
DA:47,0
DA:52,0
DA:53,0
DA:55,0
DA:57,0
DA:58,0
DA:59,0
DA:63,0
DA:65,0
DA:66,0
DA:67,0
DA:71,0
DA:73,0
DA:74,0
DA:75,0
DA:79,0
DA:81,0
DA:83,0
DA:84,0
DA:85,0
DA:89,0
DA:91,0
DA:92,0
DA:93,0
DA:97,0
DA:99,0
DA:100,0
DA:101,0
DA:105,0
DA:107,0
DA:108,0
DA:109,0
DA:112,0
DA:114,0
DA:115,0
DA:118,0
DA:120,0
DA:121,0
DA:122,0
DA:124,0
DA:125,0
DA:129,0
DA:131,0
DA:132,0
DA:133,0
DA:134,0
DA:136,0
DA:139,0
DA:140,0
DA:142,0
DA:143,0
DA:145,0
DA:147,0
LF:71
LH:0
end_of_record
SF:lib/core/repository/implementations/objectbox_embedding_repository.dart
DA:13,0
DA:15,0
DA:17,0
DA:18,0
DA:19,0
DA:22,0
DA:24,0
DA:27,0
DA:29,0
DA:32,0
DA:34,0
DA:36,0
DA:37,0
DA:39,0
DA:41,0
DA:42,0
DA:45,0
DA:47,0
DA:50,0
DA:51,0
DA:53,0
LF:21
LH:0
end_of_record
SF:lib/core/repository/implementations/objectbox_folder_repository.dart
DA:13,0
DA:15,0
DA:17,0
DA:18,0
DA:21,0
DA:22,0
DA:26,0
DA:27,0
DA:30,0
DA:33,0
DA:36,0
DA:37,0
DA:39,0
DA:40,0
DA:42,0
DA:44,0
DA:45,0
DA:49,0
DA:50,0
DA:53,0
DA:54,0
DA:59,0
DA:70,0
DA:75,0
DA:76,0
DA:81,0
DA:82,0
DA:86,0
DA:88,0
DA:89,0
DA:90,0
DA:93,0
DA:95,0
DA:96,0
DA:99,0
DA:100,0
DA:102,0
DA:104,0
LF:38
LH:0
end_of_record
SF:lib/core/repository/implementations/objectbox_note_repository.dart
DA:19,0
DA:21,0
DA:23,0
DA:24,0
DA:25,0
DA:30,0
DA:31,0
DA:33,0
DA:35,0
DA:36,0
DA:37,0
DA:40,0
DA:41,0
DA:43,0
DA:44,0
DA:46,0
DA:47,0
DA:49,0
DA:51,0
DA:52,0
DA:55,0
DA:57,0
DA:58,0
DA:61,0
DA:63,0
DA:65,0
DA:67,0
DA:68,0
DA:69,0
DA:72,0
DA:74,0
DA:76,0
DA:78,0
DA:79,0
DA:80,0
DA:83,0
DA:85,0
DA:87,0
DA:89,0
DA:90,0
DA:91,0
DA:94,0
DA:95,0
DA:97,0
DA:98,0
DA:102,0
DA:103,0
DA:105,0
DA:107,0
DA:108,0
DA:109,0
DA:117,0
DA:119,0
DA:120,0
DA:122,0
DA:123,0
DA:124,0
DA:125,0
DA:126,0
DA:128,0
DA:133,0
DA:141,0
DA:149,0
DA:150,0
DA:152,0
DA:156,0
DA:175,0
DA:194,0
DA:195,0
DA:197,0
DA:201,0
DA:204,0
DA:206,0
DA:207,0
DA:210,0
DA:212,0
DA:213,0
DA:218,0
DA:219,0
DA:221,0
DA:222,0
DA:224,0
DA:225,0
DA:229,0
DA:231,0
LF:85
LH:0
end_of_record
SF:lib/core/services/chat_drive_sync_service.dart
DA:25,0
DA:27,0
DA:28,0
DA:29,0
DA:31,0
DA:32,0
DA:39,0
DA:41,0
DA:42,0
DA:43,0
DA:45,0
DA:46,0
DA:50,0
DA:53,0
DA:54,0
DA:55,0
DA:57,0
DA:58,0
DA:63,0
DA:65,0
DA:68,0
DA:69,0
DA:74,0
DA:76,0
DA:77,0
DA:79,0
DA:81,0
DA:85,0
DA:86,0
DA:87,0
DA:89,0
DA:91,0
DA:93,0
DA:95,0
DA:99,0
DA:100,0
DA:101,0
DA:104,0
DA:105,0
DA:107,0
DA:108,0
DA:109,0
DA:111,0
DA:121,0
DA:123,0
DA:124,0
LF:46
LH:0
end_of_record
SF:lib/core/services/custom_tag_service.dart
DA:8,0
DA:11,0
DA:12,0
DA:14,0
DA:15,0
DA:19,0
DA:20,0
DA:22,0
DA:27,0
DA:30,0
DA:33,0
DA:34,0
DA:36,0
DA:41,0
DA:44,0
DA:47,0
DA:50,0
DA:53,0
DA:56,0
DA:59,0
DA:60,0
DA:64,0
DA:65,0
DA:69,0
DA:70,0
DA:74,0
DA:77,0
DA:80,0
DA:83,0
DA:86,0
DA:87,0
DA:91,0
DA:92,0
DA:96,0
DA:97,0
DA:98,0
DA:101,0
DA:103,0
DA:104,0
DA:105,0
DA:106,0
DA:109,0
DA:113,0
DA:116,0
DA:119,0
DA:120,0
DA:121,0
DA:122,0
LF:48
LH:0
end_of_record
SF:lib/core/services/google_drive_sync_service.dart
DA:26,0
DA:29,0
DA:30,0
DA:31,0
DA:33,0
DA:34,0
DA:42,0
DA:43,0
DA:44,0
DA:46,0
DA:47,0
DA:52,0
DA:53,0
DA:54,0
DA:56,0
DA:57,0
DA:63,0
DA:68,0
DA:71,0
DA:75,0
DA:76,0
DA:77,0
DA:79,0
DA:80,0
DA:86,0
DA:87,0
DA:89,0
DA:94,0
DA:96,0
DA:100,0
DA:101,0
DA:110,0
DA:113,0
DA:114,0
DA:118,0
DA:120,0
DA:123,0
DA:125,0
DA:126,0
DA:135,0
DA:137,0
DA:139,0
DA:140,0
DA:141,0
DA:142,0
DA:143,0
DA:146,0
DA:147,0
DA:150,0
DA:158,0
DA:160,0
DA:161,0
DA:163,0
DA:165,0
DA:167,0
DA:179,0
DA:181,0
DA:182,0
DA:183,0
DA:185,0
DA:186,0
DA:188,0
DA:189,0
DA:192,0
DA:194,0
DA:196,0
DA:197,0
DA:199,0
DA:203,0
DA:205,0
DA:210,0
DA:211,0
DA:213,0
DA:215,0
DA:216,0
DA:217,0
DA:219,0
DA:221,0
DA:225,0
DA:226,0
DA:227,0
DA:234,0
DA:235,0
DA:238,0
DA:239,0
DA:240,0
DA:242,0
DA:252,0
DA:255,0
DA:258,0
LF:90
LH:0
end_of_record
SF:lib/core/repository/base/base_repository.dart
DA:7,0
DA:8,0
DA:12,0
DA:13,0
DA:17,0
DA:19,0
DA:20,0
DA:22,0
DA:25,0
DA:31,0
DA:34,0
DA:35,0
DA:39,0
LF:13
LH:0
end_of_record
SF:lib/widgets/nm_loading_overlay.dart
DA:11,0
DA:18,0
DA:19,0
DA:24,0
DA:25,0
DA:26,0
DA:27,0
DA:28,0
DA:29,0
DA:31,0
DA:33,0
DA:41,0
DA:44,0
DA:51,0
DA:64,0
DA:71,0
DA:72,0
DA:77,0
DA:78,0
DA:79,0
DA:80,0
DA:84,0
DA:87,0
DA:94,0
DA:102,0
DA:103,0
DA:106,0
DA:107,0
DA:110,0
DA:111,0
DA:114,0
DA:115,0
LF:32
LH:0
end_of_record
SF:lib/widgets/nm_toast.dart
DA:10,0
DA:15,0
DA:22,0
DA:28,0
DA:31,0
DA:32,0
DA:35,0
DA:42,0
DA:49,0
DA:56,0
DA:63,0
DA:67,0
DA:68,0
DA:73,0
DA:75,0
DA:77,0
DA:81,0
DA:84,0
DA:85,0
DA:87,0
DA:88,0
DA:89,0
DA:94,0
DA:96,0
DA:97,0
DA:98,0
DA:110,0
DA:128,0
DA:133,0
DA:134,0
DA:142,0
DA:144,0
DA:145,0
DA:146,0
DA:147,0
DA:148,0
DA:151,0
DA:153,0
DA:154,0
DA:157,0
DA:158,0
DA:159,0
DA:160,0
DA:161,0
DA:162,0
DA:163,0
DA:164,0
DA:168,0
DA:170,0
DA:171,0
DA:172,0
DA:174,0
DA:176,0
DA:178,0
DA:179,0
DA:180,0
DA:181,0
DA:182,0
DA:183,0
DA:197,0
DA:198,0
DA:201,0
DA:202,0
DA:204,0
DA:205,0
DA:206,0
DA:207,0
DA:216,0
DA:218,0
DA:219,0
DA:220,0
DA:221,0
DA:223,0
DA:224,0
DA:225,0
DA:226,0
DA:227,0
LF:77
LH:0
end_of_record
